#
# A fatal error has been detected by the Java Runtime Environment:
#
#  SIGSEGV (0xb) at pc=0x000000010e9df2df, pid=894, tid=0x000000000000bc0f
#
# JRE version: Java(TM) SE Runtime Environment (8.0_161-b12) (build 1.8.0_161-b12)
# Java VM: Java HotSpot(TM) 64-Bit Server VM (25.161-b12 mixed mode bsd-amd64 compressed oops)
# Problematic frame:
# C  [libawt_lwawt.dylib+0x1c2df]  OGLSD_SetScratchSurface+0x49
#
# Failed to write core dump. Core dumps have been disabled. To enable core dumping, try "ulimit -c unlimited" before starting Java again
#
# If you would like to submit a bug report, please visit:
#   http://bugreport.java.com/bugreport/crash.jsp
# The crash happened outside the Java Virtual Machine in native code.
# See problematic frame for where to report the bug.
#

---------------  T H R E A D  ---------------

Current thread (0x00007fc32a208800):  JavaThread "Java2D Queue Flusher" daemon [_thread_in_native, id=48143, stack(0x0000700008f03000,0x0000700009003000)]

siginfo: si_signo: 11 (SIGSEGV), si_code: 0 (unknown), si_addr: 0x0000000000000000

Registers:
RAX=0x000000010ea00842, RBX=0x6e6f436e72657474, RCX=0x0000000000000047, RDX=0x000000010ea00d8c
RSP=0x0000700009002720, RBP=0x0000700009002740, RSI=0x00007fc329eed3d0, RDI=0x00007fc32a2089f8
R8 =0x00000000000005f9, R9 =0xffffffff00000000, R10=0x000000010f54eab8, R11=0x00007fc329ca4f48
R12=0x0000000000000000, R13=0x000000010f6a486c, R14=0x00007fc32a2089f8, R15=0x00007fc32a208800
RIP=0x000000010e9df2df, EFLAGS=0x0000000000010206, ERR=0x0000000000000000
  TRAPNO=0x000000000000000d

Top of Stack: (sp=0x0000700009002720)
0x0000700009002720:   00007fc329eed3d0 0000000000000000
0x0000700009002730:   00007fc32b24c010 00007fc32a208800
0x0000700009002740:   00007000090027c0 000000010ea0086a
0x0000700009002750:   0000000009002888 000000018e64adb8
0x0000700009002760:   0000000000000000 000000010f6a486c
0x0000700009002770:   0000700009002790 0000000000000064
0x0000700009002780:   00007fc32ba1ae08 00007fc32b24c020
0x0000700009002790:   00007fc300208800 00007fc32a2089f8
0x00007000090027a0:   000000018e64adb8 0000000000000000
0x00007000090027b0:   0000700009002888 00007fc32a208800
0x00007000090027c0:   0000700009002810 000000010f54eb2a
0x00007000090027d0:   00000006c001e0b0 0000000100d5151e
0x00007000090027e0:   0000000000000005 00007fc32a208800
0x00007000090027f0:   00000006c0029901 00007fc329c93c00
0x0000700009002800:   0000700009002800 00007fc32a208800
0x0000700009002810:   00007000090029d0 000000010f543ffc
0x0000700009002820:   0000700009002888 00007fc32a208800
0x0000700009002830:   0000700009002880 000000010f2e9128
0x0000700009002840:   00000006c0029980 0000000000000007
0x0000700009002850:   0000700009002880 0000700009002880
0x0000700009002860:   000000018e7144d0 0000000000000000
0x0000700009002870:   00000006c001e0b0 000000010b9337d0
0x0000700009002880:   00007000090029d0 000000010f6a4764
0x0000700009002890:   00000000000000e7 000000010b9337d0
0x00007000090028a0:   0000000000000000 0000700000000000
0x00007000090028b0:   00000000000000dc 0000000000000000
0x00007000090028c0:   0000700009002968 00007fc32a208800
0x00007000090028d0:   0000700009002940 000000010ed86c9f
0x00007000090028e0:   000000010ed6d2bd 0000000100000001
0x00007000090028f0:   00000006c23a8180 00000006c0029980
0x0000700009002900:   0000700000000000 000000010f6a3a10
0x0000700009002910:   0000700009002968 000000010b933f50 

Instructions: (pc=0x000000010e9df2df)
0x000000010e9df2bf:   c0 e9 82 00 00 00 48 8b 5e 10 48 85 db 75 0e bf
0x000000010e9df2cf:   01 00 00 00 48 8d 15 1e 95 03 00 eb d6 49 89 fe
0x000000010e9df2df:   4c 8b 3b 30 c0 e8 a7 bc 02 00 49 8b 3f 49 89 c4
0x000000010e9df2ef:   48 8b 35 f2 25 06 00 30 c0 e8 f5 bd 02 00 48 85 

Register to memory mapping:

RAX=0x000000010ea00842: Java_sun_java2d_opengl_OGLRenderQueue_flushBuffer+0x612 in /Library/Java/JavaVirtualMachines/jdk1.8.0_161.jdk/Contents/Home/jre/lib/libawt_lwawt.dylib at 0x000000010e9c3000
RBX=0x6e6f436e72657474 is an unknown value
RCX=0x0000000000000047 is an unknown value
RDX=0x000000010ea00d8c: Java_sun_java2d_opengl_OGLRenderQueue_flushBuffer+0xb5c in /Library/Java/JavaVirtualMachines/jdk1.8.0_161.jdk/Contents/Home/jre/lib/libawt_lwawt.dylib at 0x000000010e9c3000
RSP=0x0000700009002720 is pointing into the stack for thread: 0x00007fc32a208800
RBP=0x0000700009002740 is pointing into the stack for thread: 0x00007fc32a208800
RSI=0x00007fc329eed3d0 is an unknown value
RDI=0x00007fc32a2089f8 is an unknown value
R8 =0x00000000000005f9 is an unknown value
R9 =0xffffffff00000000 is an unknown value
R10=0x000000010f54eab8 is at entry_point+56 in (nmethod*)0x000000010f54e910
R11=0x00007fc329ca4f48 is an unknown value
R12=0x0000000000000000 is an unknown value
R13=0x000000010f6a486c is at entry_point+2764 in (nmethod*)0x000000010f6a3a10
R14=0x00007fc32a2089f8 is an unknown value
R15=0x00007fc32a208800 is a thread


Stack: [0x0000700008f03000,0x0000700009003000],  sp=0x0000700009002720,  free space=1021k
Native frames: (J=compiled Java code, j=interpreted, Vv=VM code, C=native code)
C  [libawt_lwawt.dylib+0x1c2df]  OGLSD_SetScratchSurface+0x49
C  [libawt_lwawt.dylib+0x3d86a]  Java_sun_java2d_opengl_OGLRenderQueue_flushBuffer+0x63a
J 2445  sun.java2d.opengl.OGLRenderQueue.flushBuffer(JI)V (0 bytes) @ 0x000000010f54eb2a [0x000000010f54ea80+0xaa]
J 2430 C1 sun.java2d.opengl.OGLRenderQueue.flushBuffer()V (41 bytes) @ 0x000000010f543ffc [0x000000010f543da0+0x25c]
J 2876% C1 sun.java2d.opengl.OGLRenderQueue$QueueFlusher.run()V (234 bytes) @ 0x000000010f6a4764 [0x000000010f6a3da0+0x9c4]
v  ~StubRoutines::call_stub
V  [libjvm.dylib+0x2ef9aa]
V  [libjvm.dylib+0x2f014e]
V  [libjvm.dylib+0x2f02fa]
V  [libjvm.dylib+0x34aae5]
V  [libjvm.dylib+0x56edef]
V  [libjvm.dylib+0x5704ea]
V  [libjvm.dylib+0x48d83a]
C  [libsystem_pthread.dylib+0x36c1]  _pthread_body+0x154
C  [libsystem_pthread.dylib+0x356d]  _pthread_body+0x0
C  [libsystem_pthread.dylib+0x2c5d]  thread_start+0xd
C  0x0000000000000000

Java frames: (J=compiled Java code, j=interpreted, Vv=VM code)
J 2445  sun.java2d.opengl.OGLRenderQueue.flushBuffer(JI)V (0 bytes) @ 0x000000010f54eab8 [0x000000010f54ea80+0x38]
J 2430 C1 sun.java2d.opengl.OGLRenderQueue.flushBuffer()V (41 bytes) @ 0x000000010f543ffc [0x000000010f543da0+0x25c]
J 2876% C1 sun.java2d.opengl.OGLRenderQueue$QueueFlusher.run()V (234 bytes) @ 0x000000010f6a4764 [0x000000010f6a3da0+0x9c4]
v  ~StubRoutines::call_stub

---------------  P R O C E S S  ---------------

Java Threads: ( => current thread )
  0x00007fc32bd7d000 JavaThread "TimerQueue" daemon [_thread_blocked, id=74763, stack(0x000070000930f000,0x000070000940f000)]
  0x00007fc32b38b800 JavaThread "DestroyJavaVM" [_thread_blocked, id=9731, stack(0x0000700007e4d000,0x0000700007f4d000)]
  0x00007fc32bb4e000 JavaThread "AWT-EventQueue-0" [_thread_in_native, id=77491, stack(0x0000700009109000,0x0000700009209000)]
  0x00007fc32a903800 JavaThread "Java2D Disposer" daemon [_thread_blocked, id=80139, stack(0x0000700009006000,0x0000700009106000)]
=>0x00007fc32a208800 JavaThread "Java2D Queue Flusher" daemon [_thread_in_native, id=48143, stack(0x0000700008f03000,0x0000700009003000)]
  0x00007fc32b990800 JavaThread "AWT-Shutdown" [_thread_blocked, id=37931, stack(0x0000700008cfa000,0x0000700008dfa000)]
  0x00007fc32b1a6000 JavaThread "AppKit Thread" daemon [_thread_in_native, id=775, stack(0x00007ffeef3ad000,0x00007ffeefbad000)]
  0x00007fc32b03f000 JavaThread "Service Thread" daemon [_thread_blocked, id=19203, stack(0x0000700008a71000,0x0000700008b71000)]
  0x00007fc32a83d000 JavaThread "C1 CompilerThread2" daemon [_thread_in_native, id=15619, stack(0x000070000896e000,0x0000700008a6e000)]
  0x00007fc32b03e000 JavaThread "C2 CompilerThread1" daemon [_thread_blocked, id=15107, stack(0x000070000886b000,0x000070000896b000)]
  0x00007fc32a81f800 JavaThread "C2 CompilerThread0" daemon [_thread_blocked, id=14595, stack(0x0000700008768000,0x0000700008868000)]
  0x00007fc32b03c800 JavaThread "Signal Dispatcher" daemon [_thread_blocked, id=14091, stack(0x0000700008665000,0x0000700008765000)]
  0x00007fc32b823000 JavaThread "Finalizer" daemon [_thread_blocked, id=12035, stack(0x0000700008562000,0x0000700008662000)]
  0x00007fc32b036000 JavaThread "Reference Handler" daemon [_thread_blocked, id=20739, stack(0x000070000845f000,0x000070000855f000)]

Other Threads:
  0x00007fc32b820800 VMThread [stack: 0x000070000835c000,0x000070000845c000] [id=20995]
  0x00007fc32b825000 WatcherThread [stack: 0x0000700008b74000,0x0000700008c74000] [id=16387]

VM state:not at safepoint (normal execution)

VM Mutex/Monitor currently owned by a thread:  ([mutex/lock_event])
[0x00007fc329d025d0] SymbolTable_lock - owner thread: 0x0000000000000000

Heap:
 PSYoungGen      total 512000K, used 13181K [0x000000076ab00000, 0x000000078b600000, 0x00000007c0000000)
  eden space 499712K, 2% used [0x000000076ab00000,0x000000076b7df730,0x0000000789300000)
  from space 12288K, 0% used [0x000000078a980000,0x000000078a980000,0x000000078b580000)
  to   space 512K, 0% used [0x000000078b580000,0x000000078b580000,0x000000078b600000)
 ParOldGen       total 88576K, used 8580K [0x00000006c0000000, 0x00000006c5680000, 0x000000076ab00000)
  object space 88576K, 9% used [0x00000006c0000000,0x00000006c0861190,0x00000006c5680000)
 Metaspace       used 20794K, capacity 21180K, committed 21504K, reserved 1069056K
  class space    used 2626K, capacity 2736K, committed 2816K, reserved 1048576K

Card table byte_map: [0x0000000101d6e000,0x000000010256f000] byte_map_base: 0x00000000fe76e000

Marking Bits: (ParMarkBitMap*) 0x00000001012f76c0
 Begin Bits: [0x0000000102ac5000, 0x0000000106ac5000)
 End Bits:   [0x0000000106ac5000, 0x000000010aac5000)

Polling page: 0x00000001000d0000

CodeCache: size=245760Kb used=10795Kb max_used=10795Kb free=234965Kb
 bounds [0x000000010ed65000, 0x000000010f805000, 0x000000011dd65000]
 total_blobs=3795 nmethods=3181 adapters=526
 compilation: enabled

Compilation events (10 events):
Event: 7623.160 Thread 0x00007fc32a83d000 nmethod 3481 0x000000010f7ddf90 code [0x000000010f7de100, 0x000000010f7de430]
Event: 7623.160 Thread 0x00007fc32a83d000 3483       3       java.util.zip.ZipFile$ZipFileInputStream::finalize (5 bytes)
Event: 7623.160 Thread 0x00007fc32a83d000 nmethod 3483 0x000000010f7de590 code [0x000000010f7de700, 0x000000010f7de8a8]
Event: 7623.160 Thread 0x00007fc32a83d000 3485       3       sun.reflect.ClassFileAssembler::setStack (25 bytes)
Event: 7623.160 Thread 0x00007fc32a83d000 nmethod 3485 0x000000010f7de950 code [0x000000010f7deac0, 0x000000010f7dec50]
Event: 7623.160 Thread 0x00007fc32a83d000 3484       3       java.util.zip.ZipFile$ZipFileInflaterInputStream::finalize (5 bytes)
Event: 7623.160 Thread 0x00007fc32a83d000 nmethod 3484 0x000000010f7decd0 code [0x000000010f7dee40, 0x000000010f7defe8]
Event: 7623.160 Thread 0x00007fc32a83d000 3486       3       java.nio.charset.CharsetEncoder::<init> (16 bytes)
Event: 7623.160 Thread 0x00007fc32a83d000 nmethod 3486 0x000000010f7df090 code [0x000000010f7df200, 0x000000010f7df428]
Event: 7623.160 Thread 0x00007fc32a83d000 3487       3       java.nio.charset.CharsetEncoder::<init> (113 bytes)

GC Heap History (10 events):
Event: 20.035 GC heap before
{Heap before GC invocations=6 (full 0):
 PSYoungGen      total 141824K, used 134398K [0x000000076ab00000, 0x000000077bf00000, 0x00000007c0000000)
  eden space 131072K, 95% used [0x000000076ab00000,0x00000007724f79f0,0x0000000772b00000)
  from space 10752K, 88% used [0x0000000772b00000,0x0000000773447e80,0x0000000773580000)
  to   space 10240K, 0% used [0x000000077b500000,0x000000077b500000,0x000000077bf00000)
 ParOldGen       total 175104K, used 36348K [0x00000006c0000000, 0x00000006cab00000, 0x000000076ab00000)
  object space 175104K, 20% used [0x00000006c0000000,0x00000006c237f050,0x00000006cab00000)
 Metaspace       used 17528K, capacity 17948K, committed 18304K, reserved 1064960K
  class space    used 2187K, capacity 2306K, committed 2432K, reserved 1048576K
Event: 20.041 GC heap after
Heap after GC invocations=6 (full 0):
 PSYoungGen      total 271872K, used 8150K [0x000000076ab00000, 0x000000077c000000, 0x00000007c0000000)
  eden space 261632K, 0% used [0x000000076ab00000,0x000000076ab00000,0x000000077aa80000)
  from space 10240K, 79% used [0x000000077b500000,0x000000077bcf58f8,0x000000077bf00000)
  to   space 10752K, 0% used [0x000000077aa80000,0x000000077aa80000,0x000000077b500000)
 ParOldGen       total 175104K, used 36356K [0x00000006c0000000, 0x00000006cab00000, 0x000000076ab00000)
  object space 175104K, 20% used [0x00000006c0000000,0x00000006c2381050,0x00000006cab00000)
 Metaspace       used 17528K, capacity 17948K, committed 18304K, reserved 1064960K
  class space    used 2187K, capacity 2306K, committed 2432K, reserved 1048576K
}
Event: 88.186 GC heap before
{Heap before GC invocations=7 (full 0):
 PSYoungGen      total 271872K, used 269782K [0x000000076ab00000, 0x000000077c000000, 0x00000007c0000000)
  eden space 261632K, 100% used [0x000000076ab00000,0x000000077aa80000,0x000000077aa80000)
  from space 10240K, 79% used [0x000000077b500000,0x000000077bcf58f8,0x000000077bf00000)
  to   space 10752K, 0% used [0x000000077aa80000,0x000000077aa80000,0x000000077b500000)
 ParOldGen       total 175104K, used 36356K [0x00000006c0000000, 0x00000006cab00000, 0x000000076ab00000)
  object space 175104K, 20% used [0x00000006c0000000,0x00000006c2381050,0x00000006cab00000)
 Metaspace       used 17979K, capacity 18456K, committed 18560K, reserved 1064960K
  class space    used 2251K, capacity 2386K, committed 2432K, reserved 1048576K
Event: 88.196 GC heap after
Heap after GC invocations=7 (full 0):
 PSYoungGen      total 272384K, used 3109K [0x000000076ab00000, 0x000000078c100000, 0x00000007c0000000)
  eden space 261632K, 0% used [0x000000076ab00000,0x000000076ab00000,0x000000077aa80000)
  from space 10752K, 28% used [0x000000077aa80000,0x000000077ad89608,0x000000077b500000)
  to   space 11776K, 0% used [0x000000078b580000,0x000000078b580000,0x000000078c100000)
 ParOldGen       total 175104K, used 41291K [0x00000006c0000000, 0x00000006cab00000, 0x000000076ab00000)
  object space 175104K, 23% used [0x00000006c0000000,0x00000006c2852c00,0x00000006cab00000)
 Metaspace       used 17979K, capacity 18456K, committed 18560K, reserved 1064960K
  class space    used 2251K, capacity 2386K, committed 2432K, reserved 1048576K
}
Event: 113.022 GC heap before
{Heap before GC invocations=8 (full 0):
 PSYoungGen      total 272384K, used 261684K [0x000000076ab00000, 0x000000078c100000, 0x00000007c0000000)
  eden space 261632K, 98% used [0x000000076ab00000,0x000000077a783ad8,0x000000077aa80000)
  from space 10752K, 28% used [0x000000077aa80000,0x000000077ad89608,0x000000077b500000)
  to   space 11776K, 0% used [0x000000078b580000,0x000000078b580000,0x000000078c100000)
 ParOldGen       total 175104K, used 41291K [0x00000006c0000000, 0x00000006cab00000, 0x000000076ab00000)
  object space 175104K, 23% used [0x00000006c0000000,0x00000006c2852c00,0x00000006cab00000)
 Metaspace       used 18031K, capacity 18526K, committed 18816K, reserved 1064960K
  class space    used 2252K, capacity 2387K, committed 2432K, reserved 1048576K
Event: 113.030 GC heap after
Heap after GC invocations=8 (full 0):
 PSYoungGen      total 534528K, used 10073K [0x000000076ab00000, 0x000000078c200000, 0x00000007c0000000)
  eden space 522752K, 0% used [0x000000076ab00000,0x000000076ab00000,0x000000078a980000)
  from space 11776K, 85% used [0x000000078b580000,0x000000078bf56450,0x000000078c100000)
  to   space 12288K, 0% used [0x000000078a980000,0x000000078a980000,0x000000078b580000)
 ParOldGen       total 175104K, used 46199K [0x00000006c0000000, 0x00000006cab00000, 0x000000076ab00000)
  object space 175104K, 26% used [0x00000006c0000000,0x00000006c2d1de28,0x00000006cab00000)
 Metaspace       used 18031K, capacity 18526K, committed 18816K, reserved 1064960K
  class space    used 2252K, capacity 2387K, committed 2432K, reserved 1048576K
}
Event: 7623.114 GC heap before
{Heap before GC invocations=9 (full 0):
 PSYoungGen      total 534528K, used 378773K [0x000000076ab00000, 0x000000078c200000, 0x00000007c0000000)
  eden space 522752K, 70% used [0x000000076ab00000,0x000000078130f340,0x000000078a980000)
  from space 11776K, 85% used [0x000000078b580000,0x000000078bf56450,0x000000078c100000)
  to   space 12288K, 0% used [0x000000078a980000,0x000000078a980000,0x000000078b580000)
 ParOldGen       total 175104K, used 46199K [0x00000006c0000000, 0x00000006cab00000, 0x000000076ab00000)
  object space 175104K, 26% used [0x00000006c0000000,0x00000006c2d1de28,0x00000006cab00000)
 Metaspace       used 20620K, capacity 21044K, committed 21248K, reserved 1067008K
  class space    used 2594K, capacity 2712K, committed 2816K, reserved 1048576K
Event: 7623.123 GC heap after
Heap after GC invocations=9 (full 0):
 PSYoungGen      total 512000K, used 12285K [0x000000076ab00000, 0x000000078b600000, 0x00000007c0000000)
  eden space 499712K, 0% used [0x000000076ab00000,0x000000076ab00000,0x0000000789300000)
  from space 12288K, 99% used [0x000000078a980000,0x000000078b57f468,0x000000078b580000)
  to   space 512K, 0% used [0x000000078b580000,0x000000078b580000,0x000000078b600000)
 ParOldGen       total 175104K, used 56081K [0x00000006c0000000, 0x00000006cab00000, 0x000000076ab00000)
  object space 175104K, 32% used [0x00000006c0000000,0x00000006c36c4550,0x00000006cab00000)
 Metaspace       used 20620K, capacity 21044K, committed 21248K, reserved 1067008K
  class space    used 2594K, capacity 2712K, committed 2816K, reserved 1048576K
}
Event: 7623.123 GC heap before
{Heap before GC invocations=10 (full 1):
 PSYoungGen      total 512000K, used 12285K [0x000000076ab00000, 0x000000078b600000, 0x00000007c0000000)
  eden space 499712K, 0% used [0x000000076ab00000,0x000000076ab00000,0x0000000789300000)
  from space 12288K, 99% used [0x000000078a980000,0x000000078b57f468,0x000000078b580000)
  to   space 512K, 0% used [0x000000078b580000,0x000000078b580000,0x000000078b600000)
 ParOldGen       total 175104K, used 56081K [0x00000006c0000000, 0x00000006cab00000, 0x000000076ab00000)
  object space 175104K, 32% used [0x00000006c0000000,0x00000006c36c4550,0x00000006cab00000)
 Metaspace       used 20620K, capacity 21044K, committed 21248K, reserved 1067008K
  class space    used 2594K, capacity 2712K, committed 2816K, reserved 1048576K
Event: 7623.154 GC heap after
Heap after GC invocations=10 (full 1):
 PSYoungGen      total 512000K, used 0K [0x000000076ab00000, 0x000000078b600000, 0x00000007c0000000)
  eden space 499712K, 0% used [0x000000076ab00000,0x000000076ab00000,0x0000000789300000)
  from space 12288K, 0% used [0x000000078a980000,0x000000078a980000,0x000000078b580000)
  to   space 512K, 0% used [0x000000078b580000,0x000000078b580000,0x000000078b600000)
 ParOldGen       total 88576K, used 8580K [0x00000006c0000000, 0x00000006c5680000, 0x000000076ab00000)
  object space 88576K, 9% used [0x00000006c0000000,0x00000006c0861190,0x00000006c5680000)
 Metaspace       used 20603K, capacity 21014K, committed 21248K, reserved 1067008K
  class space    used 2589K, capacity 2703K, committed 2816K, reserved 1048576K
}

Deoptimization events (10 events):
Event: 7617.671 Thread 0x00007fc32bb4e000 Uncommon trap: reason=class_check action=maybe_recompile pc=0x000000010f6c0a30 method=java.awt.EventDispatchThread.pumpOneEventForFilters(I)V @ 99
Event: 7618.625 Thread 0x00007fc32bb4e000 Uncommon trap: reason=unstable_if action=reinterpret pc=0x000000010f6de600 method=java.awt.EventDispatchThread.pumpOneEventForFilters(I)V @ 132
Event: 7619.925 Thread 0x00007fc32bb4e000 Uncommon trap: reason=bimorphic action=maybe_recompile pc=0x000000010f180c50 method=java.awt.Component.dispatchEventImpl(Ljava/awt/AWTEvent;)V @ 506
Event: 7619.968 Thread 0x00007fc32bb4e000 Uncommon trap: reason=bimorphic action=maybe_recompile pc=0x000000010f180c50 method=java.awt.Component.dispatchEventImpl(Ljava/awt/AWTEvent;)V @ 506
Event: 7620.105 Thread 0x00007fc32bb4e000 Uncommon trap: reason=bimorphic action=maybe_recompile pc=0x000000010f180c50 method=java.awt.Component.dispatchEventImpl(Ljava/awt/AWTEvent;)V @ 506
Event: 7620.159 Thread 0x00007fc32bb4e000 Uncommon trap: reason=bimorphic action=maybe_recompile pc=0x000000010f180c50 method=java.awt.Component.dispatchEventImpl(Ljava/awt/AWTEvent;)V @ 506
Event: 7622.831 Thread 0x00007fc32bb4e000 Uncommon trap: reason=unstable_if action=reinterpret pc=0x000000010f0221bc method=javax.swing.ArrayTable.size()I @ 4
Event: 7622.832 Thread 0x00007fc32bb4e000 Uncommon trap: reason=unstable_if action=reinterpret pc=0x000000010f10b720 method=java.beans.ChangeListenerMap.get(Ljava/lang/String;)[Ljava/util/EventListener; @ 4
Event: 7622.962 Thread 0x00007fc32bb4e000 Uncommon trap: reason=unstable_if action=reinterpret pc=0x000000010f73a3b8 method=java.util.jar.Attributes.read(Ljava/util/jar/Manifest$FastInputStream;[B)V @ 249
Event: 7623.009 Thread 0x00007fc32bb4e000 Uncommon trap: reason=unstable_if action=reinterpret pc=0x000000010ee9cf24 method=java.security.AccessControlContext.optimize()Ljava/security/AccessControlContext; @ 220

Classes redefined (0 events):
No events

Internal exceptions (10 events):
Event: 0.635 Thread 0x00007fc32a806800 Exception <a 'java/io/FileNotFoundException'> (0x000000076b0f5fb8) thrown at [/Users/java_re/workspace/8-2-build-macosx-x86_64/jdk8u161/10277/hotspot/src/share/vm/prims/jni.cpp, line 709]
Event: 2.766 Thread 0x00007fc32a806800 Exception <a 'java/io/FileNotFoundException'> (0x000000076bcd65a0) thrown at [/Users/java_re/workspace/8-2-build-macosx-x86_64/jdk8u161/10277/hotspot/src/share/vm/prims/jni.cpp, line 709]
Event: 3.408 Thread 0x00007fc32b823000 Exception <a 'java/lang/NullPointerException'> (0x000000076be0f730) thrown at [/Users/java_re/workspace/8-2-build-macosx-x86_64/jdk8u161/10277/hotspot/src/share/vm/interpreter/linkResolver.cpp, line 1185]
Event: 23.165 Thread 0x00007fc32bb4e000 Implicit null exception at 0x000000010f254a89 to 0x000000010f254d00
Event: 23.175 Thread 0x00007fc32bb4e000 Implicit null exception at 0x000000010f174f50 to 0x000000010f174fac
Event: 88.199 Thread 0x00007fc32b823000 Exception <a 'java/lang/NullPointerException'> (0x000000076b51bcc8) thrown at [/Users/java_re/workspace/8-2-build-macosx-x86_64/jdk8u161/10277/hotspot/src/share/vm/interpreter/linkResolver.cpp, line 1185]
Event: 7563.108 Thread 0x00007fc32bb4e000 Implicit null exception at 0x000000010f023390 to 0x000000010f0233f1
Event: 7617.639 Thread 0x00007fc32bb4e000 Implicit null exception at 0x000000010f640f0e to 0x000000010f642979
Event: 7622.831 Thread 0x00007fc32bb4e000 Implicit null exception at 0x000000010f021f90 to 0x000000010f0221a9
Event: 7622.831 Thread 0x00007fc32bb4e000 Implicit null exception at 0x000000010f10a7d0 to 0x000000010f10b705

Events (10 events):
Event: 7623.159 loading class org/apache/logging/log4j/core/pattern/AbstractStyleNameConverter$Yellow
Event: 7623.159 loading class org/apache/logging/log4j/core/pattern/AbstractStyleNameConverter$Yellow done
Event: 7623.159 loading class org/apache/logging/log4j/core/pattern/ThreadPriorityPatternConverter
Event: 7623.159 loading class org/apache/logging/log4j/core/pattern/ThreadPriorityPatternConverter done
Event: 7623.160 loading class org/apache/logging/log4j/core/pattern/MarkerSimpleNamePatternConverter
Event: 7623.160 loading class org/apache/logging/log4j/core/pattern/MarkerSimpleNamePatternConverter done
Event: 7623.160 loading class org/apache/logging/log4j/core/pattern/FullLocationPatternConverter
Event: 7623.160 loading class org/apache/logging/log4j/core/pattern/FullLocationPatternConverter done
Event: 7623.160 loading class org/apache/logging/log4j/core/pattern/ThreadNamePatternConverter
Event: 7623.160 loading class org/apache/logging/log4j/core/pattern/ThreadNamePatternConverter done


Dynamic libraries:
0x0000000010140000 	/System/Library/Frameworks/Cocoa.framework/Versions/A/Cocoa
0x0000000010140000 	/System/Library/Frameworks/Security.framework/Versions/A/Security
0x0000000010140000 	/System/Library/Frameworks/ApplicationServices.framework/Versions/A/ApplicationServices
0x0000000010140000 	/usr/lib/libz.1.dylib
0x0000000010140000 	/usr/lib/libSystem.B.dylib
0x0000000010140000 	/usr/lib/libobjc.A.dylib
0x0000000010140000 	/System/Library/Frameworks/CoreFoundation.framework/Versions/A/CoreFoundation
0x0000000010140000 	/System/Library/Frameworks/Foundation.framework/Versions/C/Foundation
0x0000000010140000 	/System/Library/Frameworks/AppKit.framework/Versions/C/AppKit
0x0000000010140000 	/System/Library/Frameworks/CoreData.framework/Versions/A/CoreData
0x0000000010140000 	/System/Library/PrivateFrameworks/RemoteViewServices.framework/Versions/A/RemoteViewServices
0x0000000010140000 	/System/Library/PrivateFrameworks/UIFoundation.framework/Versions/A/UIFoundation
0x0000000010140000 	/System/Library/PrivateFrameworks/DFRFoundation.framework/Versions/A/DFRFoundation
0x0000000010140000 	/System/Library/Frameworks/Metal.framework/Versions/A/Metal
0x0000000010140000 	/System/Library/PrivateFrameworks/DesktopServicesPriv.framework/Versions/A/DesktopServicesPriv
0x0000000010140000 	/usr/lib/libenergytrace.dylib
0x0000000010140000 	/System/Library/PrivateFrameworks/SkyLight.framework/Versions/A/SkyLight
0x0000000010140000 	/System/Library/Frameworks/CoreGraphics.framework/Versions/A/CoreGraphics
0x0000000010140000 	/usr/lib/libScreenReader.dylib
0x0000000010140000 	/System/Library/Frameworks/Accelerate.framework/Versions/A/Accelerate
0x0000000010140000 	/System/Library/Frameworks/IOSurface.framework/Versions/A/IOSurface
0x0000000010140000 	/System/Library/Frameworks/AudioToolbox.framework/Versions/A/AudioToolbox
0x0000000010140000 	/System/Library/Frameworks/AudioUnit.framework/Versions/A/AudioUnit
0x0000000010140000 	/System/Library/PrivateFrameworks/DataDetectorsCore.framework/Versions/A/DataDetectorsCore
0x0000000010140000 	/System/Library/Frameworks/Carbon.framework/Versions/A/Frameworks/HIToolbox.framework/Versions/A/HIToolbox
0x0000000010140000 	/usr/lib/libicucore.A.dylib
0x0000000010140000 	/System/Library/Frameworks/QuartzCore.framework/Versions/A/QuartzCore
0x0000000010140000 	/System/Library/Frameworks/Carbon.framework/Versions/A/Frameworks/SpeechRecognition.framework/Versions/A/SpeechRecognition
0x0000000010140000 	/usr/lib/libauto.dylib
0x0000000010140000 	/usr/lib/libxml2.2.dylib
0x0000000010140000 	/System/Library/PrivateFrameworks/CoreUI.framework/Versions/A/CoreUI
0x0000000010140000 	/System/Library/Frameworks/CoreAudio.framework/Versions/A/CoreAudio
0x0000000010140000 	/System/Library/Frameworks/DiskArbitration.framework/Versions/A/DiskArbitration
0x0000000010140000 	/usr/lib/liblangid.dylib
0x0000000010140000 	/System/Library/PrivateFrameworks/MultitouchSupport.framework/Versions/A/MultitouchSupport
0x0000000010140000 	/System/Library/Frameworks/IOKit.framework/Versions/A/IOKit
0x0000000010140000 	/usr/lib/libDiagnosticMessagesClient.dylib
0x0000000010140000 	/System/Library/Frameworks/CoreServices.framework/Versions/A/CoreServices
0x0000000010140000 	/System/Library/PrivateFrameworks/PerformanceAnalysis.framework/Versions/A/PerformanceAnalysis
0x0000000010140000 	/System/Library/Frameworks/OpenGL.framework/Versions/A/OpenGL
0x0000000010140000 	/System/Library/Frameworks/ColorSync.framework/Versions/A/ColorSync
0x0000000010140000 	/System/Library/Frameworks/CoreImage.framework/Versions/A/CoreImage
0x0000000010140000 	/System/Library/Frameworks/CoreText.framework/Versions/A/CoreText
0x0000000010140000 	/System/Library/Frameworks/ImageIO.framework/Versions/A/ImageIO
0x0000000010140000 	/System/Library/PrivateFrameworks/Backup.framework/Versions/A/Backup
0x0000000010140000 	/usr/lib/libarchive.2.dylib
0x0000000010140000 	/System/Library/Frameworks/CFNetwork.framework/Versions/A/CFNetwork
0x0000000010140000 	/System/Library/Frameworks/SystemConfiguration.framework/Versions/A/SystemConfiguration
0x0000000010140000 	/usr/lib/libCRFSuite.dylib
0x0000000010140000 	/usr/lib/libc++.1.dylib
0x0000000010140000 	/usr/lib/libc++abi.dylib
0x0000000010140000 	/usr/lib/system/libcache.dylib
0x0000000010140000 	/usr/lib/system/libcommonCrypto.dylib
0x0000000010140000 	/usr/lib/system/libcompiler_rt.dylib
0x0000000010140000 	/usr/lib/system/libcopyfile.dylib
0x0000000010140000 	/usr/lib/system/libcorecrypto.dylib
0x0000000010140000 	/usr/lib/system/libdispatch.dylib
0x0000000010140000 	/usr/lib/system/libdyld.dylib
0x0000000010140000 	/usr/lib/system/libkeymgr.dylib
0x0000000010140000 	/usr/lib/system/liblaunch.dylib
0x0000000010140000 	/usr/lib/system/libmacho.dylib
0x0000000010140000 	/usr/lib/system/libquarantine.dylib
0x0000000010140000 	/usr/lib/system/libremovefile.dylib
0x0000000010140000 	/usr/lib/system/libsystem_asl.dylib
0x0000000010140000 	/usr/lib/system/libsystem_blocks.dylib
0x0000000010140000 	/usr/lib/system/libsystem_c.dylib
0x0000000010140000 	/usr/lib/system/libsystem_configuration.dylib
0x0000000010140000 	/usr/lib/system/libsystem_coreservices.dylib
0x0000000010140000 	/usr/lib/system/libsystem_darwin.dylib
0x0000000010140000 	/usr/lib/system/libsystem_dnssd.dylib
0x0000000010140000 	/usr/lib/system/libsystem_info.dylib
0x0000000010140000 	/usr/lib/system/libsystem_m.dylib
0x0000000010140000 	/usr/lib/system/libsystem_malloc.dylib
0x0000000010140000 	/usr/lib/system/libsystem_network.dylib
0x0000000010140000 	/usr/lib/system/libsystem_networkextension.dylib
0x0000000010140000 	/usr/lib/system/libsystem_notify.dylib
0x0000000010140000 	/usr/lib/system/libsystem_sandbox.dylib
0x0000000010140000 	/usr/lib/system/libsystem_secinit.dylib
0x0000000010140000 	/usr/lib/system/libsystem_kernel.dylib
0x0000000010140000 	/usr/lib/system/libsystem_platform.dylib
0x0000000010140000 	/usr/lib/system/libsystem_pthread.dylib
0x0000000010140000 	/usr/lib/system/libsystem_symptoms.dylib
0x0000000010140000 	/usr/lib/system/libsystem_trace.dylib
0x0000000010140000 	/usr/lib/system/libunwind.dylib
0x0000000010140000 	/usr/lib/system/libxpc.dylib
0x0000000010140000 	/usr/lib/closure/libclosured.dylib
0x0000000010140000 	/usr/lib/libbsm.0.dylib
0x0000000010140000 	/usr/lib/system/libkxld.dylib
0x0000000010140000 	/usr/lib/libOpenScriptingUtil.dylib
0x0000000010140000 	/usr/lib/libcoretls.dylib
0x0000000010140000 	/usr/lib/libcoretls_cfhelpers.dylib
0x0000000010140000 	/usr/lib/libpam.2.dylib
0x0000000010140000 	/usr/lib/libsqlite3.dylib
0x0000000010140000 	/usr/lib/libxar.1.dylib
0x0000000010140000 	/usr/lib/libbz2.1.0.dylib
0x0000000010140000 	/usr/lib/liblzma.5.dylib
0x0000000010140000 	/usr/lib/libnetwork.dylib
0x0000000010140000 	/usr/lib/libapple_nghttp2.dylib
0x0000000010140000 	/usr/lib/libpcap.A.dylib
0x0000000010140000 	/usr/lib/libboringssl.dylib
0x0000000010140000 	/usr/lib/libusrtcp.dylib
0x0000000010140000 	/usr/lib/libapple_crypto.dylib
0x0000000010140000 	/System/Library/Frameworks/CoreServices.framework/Versions/A/Frameworks/FSEvents.framework/Versions/A/FSEvents
0x0000000010140000 	/System/Library/Frameworks/CoreServices.framework/Versions/A/Frameworks/CarbonCore.framework/Versions/A/CarbonCore
0x0000000010140000 	/System/Library/Frameworks/CoreServices.framework/Versions/A/Frameworks/Metadata.framework/Versions/A/Metadata
0x0000000010140000 	/System/Library/Frameworks/CoreServices.framework/Versions/A/Frameworks/OSServices.framework/Versions/A/OSServices
0x0000000010140000 	/System/Library/Frameworks/CoreServices.framework/Versions/A/Frameworks/SearchKit.framework/Versions/A/SearchKit
0x0000000010140000 	/System/Library/Frameworks/CoreServices.framework/Versions/A/Frameworks/AE.framework/Versions/A/AE
0x0000000010140000 	/System/Library/Frameworks/CoreServices.framework/Versions/A/Frameworks/LaunchServices.framework/Versions/A/LaunchServices
0x0000000010140000 	/System/Library/Frameworks/CoreServices.framework/Versions/A/Frameworks/DictionaryServices.framework/Versions/A/DictionaryServices
0x0000000010140000 	/System/Library/Frameworks/CoreServices.framework/Versions/A/Frameworks/SharedFileList.framework/Versions/A/SharedFileList
0x0000000010140000 	/System/Library/Frameworks/NetFS.framework/Versions/A/NetFS
0x0000000010140000 	/System/Library/PrivateFrameworks/NetAuth.framework/Versions/A/NetAuth
0x0000000010140000 	/System/Library/PrivateFrameworks/login.framework/Versions/A/Frameworks/loginsupport.framework/Versions/A/loginsupport
0x0000000010140000 	/System/Library/PrivateFrameworks/TCC.framework/Versions/A/TCC
0x0000000010140000 	/usr/lib/libmecabra.dylib
0x0000000010140000 	/System/Library/Frameworks/ApplicationServices.framework/Versions/A/Frameworks/ATS.framework/Versions/A/ATS
0x0000000010140000 	/System/Library/Frameworks/ApplicationServices.framework/Versions/A/Frameworks/ColorSyncLegacy.framework/Versions/A/ColorSyncLegacy
0x0000000010140000 	/System/Library/Frameworks/ApplicationServices.framework/Versions/A/Frameworks/HIServices.framework/Versions/A/HIServices
0x0000000010140000 	/System/Library/Frameworks/ApplicationServices.framework/Versions/A/Frameworks/LangAnalysis.framework/Versions/A/LangAnalysis
0x0000000010140000 	/System/Library/Frameworks/ApplicationServices.framework/Versions/A/Frameworks/PrintCore.framework/Versions/A/PrintCore
0x0000000010140000 	/System/Library/Frameworks/ApplicationServices.framework/Versions/A/Frameworks/QD.framework/Versions/A/QD
0x0000000010140000 	/System/Library/Frameworks/ApplicationServices.framework/Versions/A/Frameworks/SpeechSynthesis.framework/Versions/A/SpeechSynthesis
0x0000000010140000 	/System/Library/Frameworks/CoreDisplay.framework/Versions/A/CoreDisplay
0x0000000010140000 	/System/Library/Frameworks/Accelerate.framework/Versions/A/Frameworks/vImage.framework/Versions/A/vImage
0x0000000010140000 	/System/Library/Frameworks/Accelerate.framework/Versions/A/Frameworks/vecLib.framework/Versions/A/vecLib
0x0000000010140000 	/System/Library/Frameworks/Accelerate.framework/Versions/A/Frameworks/vecLib.framework/Versions/A/libvDSP.dylib
0x0000000010140000 	/System/Library/Frameworks/Accelerate.framework/Versions/A/Frameworks/vecLib.framework/Versions/A/libBNNS.dylib
0x0000000010140000 	/System/Library/Frameworks/Accelerate.framework/Versions/A/Frameworks/vecLib.framework/Versions/A/libQuadrature.dylib
0x0000000010140000 	/System/Library/Frameworks/Accelerate.framework/Versions/A/Frameworks/vecLib.framework/Versions/A/libvMisc.dylib
0x0000000010140000 	/System/Library/Frameworks/Accelerate.framework/Versions/A/Frameworks/vecLib.framework/Versions/A/libLAPACK.dylib
0x0000000010140000 	/System/Library/Frameworks/Accelerate.framework/Versions/A/Frameworks/vecLib.framework/Versions/A/libBLAS.dylib
0x0000000010140000 	/System/Library/Frameworks/Accelerate.framework/Versions/A/Frameworks/vecLib.framework/Versions/A/libLinearAlgebra.dylib
0x0000000010140000 	/System/Library/Frameworks/Accelerate.framework/Versions/A/Frameworks/vecLib.framework/Versions/A/libSparse.dylib
0x0000000010140000 	/System/Library/Frameworks/Accelerate.framework/Versions/A/Frameworks/vecLib.framework/Versions/A/libSparseBLAS.dylib
0x0000000010140000 	/System/Library/PrivateFrameworks/IOAccelerator.framework/Versions/A/IOAccelerator
0x0000000010140000 	/System/Library/PrivateFrameworks/IOPresentment.framework/Versions/A/IOPresentment
0x0000000010140000 	/System/Library/PrivateFrameworks/DSExternalDisplay.framework/Versions/A/DSExternalDisplay
0x0000000010140000 	/System/Library/Frameworks/OpenGL.framework/Versions/A/Libraries/libCoreFSCache.dylib
0x0000000010140000 	/System/Library/Frameworks/CoreVideo.framework/Versions/A/CoreVideo
0x0000000010140000 	/System/Library/PrivateFrameworks/GraphVisualizer.framework/Versions/A/GraphVisualizer
0x0000000010140000 	/System/Library/Frameworks/MetalPerformanceShaders.framework/Versions/A/MetalPerformanceShaders
0x0000000010140000 	/usr/lib/libFosl_dynamic.dylib
0x0000000010140000 	/System/Library/PrivateFrameworks/FaceCore.framework/Versions/A/FaceCore
0x0000000010140000 	/System/Library/Frameworks/OpenCL.framework/Versions/A/OpenCL
0x0000000010140000 	/usr/lib/libcompression.dylib
0x0000000010140000 	/System/Library/Frameworks/ApplicationServices.framework/Versions/A/Frameworks/ATS.framework/Versions/A/Resources/libFontParser.dylib
0x0000000010140000 	/System/Library/Frameworks/ApplicationServices.framework/Versions/A/Frameworks/ATS.framework/Versions/A/Resources/libFontRegistry.dylib
0x0000000010140000 	/System/Library/Frameworks/ImageIO.framework/Versions/A/Resources/libJPEG.dylib
0x0000000010140000 	/System/Library/Frameworks/ImageIO.framework/Versions/A/Resources/libTIFF.dylib
0x0000000010140000 	/System/Library/Frameworks/ImageIO.framework/Versions/A/Resources/libPng.dylib
0x0000000010140000 	/System/Library/Frameworks/ImageIO.framework/Versions/A/Resources/libGIF.dylib
0x0000000010140000 	/System/Library/Frameworks/ImageIO.framework/Versions/A/Resources/libJP2.dylib
0x0000000010140000 	/System/Library/Frameworks/ImageIO.framework/Versions/A/Resources/libRadiance.dylib
0x0000000010140000 	/System/Library/PrivateFrameworks/AppleJPEG.framework/Versions/A/AppleJPEG
0x0000000010140000 	/System/Library/PrivateFrameworks/MetalTools.framework/Versions/A/MetalTools
0x0000000010140000 	/System/Library/Frameworks/MetalPerformanceShaders.framework/Frameworks/MPSCore.framework/Versions/A/MPSCore
0x0000000010140000 	/System/Library/Frameworks/MetalPerformanceShaders.framework/Frameworks/MPSImage.framework/Versions/A/MPSImage
0x0000000010140000 	/System/Library/Frameworks/MetalPerformanceShaders.framework/Frameworks/MPSMatrix.framework/Versions/A/MPSMatrix
0x0000000010140000 	/System/Library/Frameworks/MetalPerformanceShaders.framework/Frameworks/MPSNeuralNetwork.framework/Versions/A/MPSNeuralNetwork
0x0000000010140000 	/System/Library/Frameworks/OpenGL.framework/Versions/A/Libraries/libGLU.dylib
0x0000000010140000 	/System/Library/Frameworks/OpenGL.framework/Versions/A/Libraries/libGFXShared.dylib
0x0000000010140000 	/System/Library/Frameworks/OpenGL.framework/Versions/A/Libraries/libGL.dylib
0x0000000010140000 	/System/Library/Frameworks/OpenGL.framework/Versions/A/Libraries/libGLImage.dylib
0x0000000010140000 	/System/Library/Frameworks/OpenGL.framework/Versions/A/Libraries/libCVMSPluginSupport.dylib
0x0000000010140000 	/System/Library/Frameworks/OpenGL.framework/Versions/A/Libraries/libCoreVMClient.dylib
0x0000000010140000 	/usr/lib/libcups.2.dylib
0x0000000010140000 	/System/Library/Frameworks/Kerberos.framework/Versions/A/Kerberos
0x0000000010140000 	/System/Library/Frameworks/GSS.framework/Versions/A/GSS
0x0000000010140000 	/usr/lib/libresolv.9.dylib
0x0000000010140000 	/usr/lib/libiconv.2.dylib
0x0000000010140000 	/System/Library/PrivateFrameworks/Heimdal.framework/Versions/A/Heimdal
0x0000000010140000 	/usr/lib/libheimdal-asn1.dylib
0x0000000010140000 	/System/Library/Frameworks/OpenDirectory.framework/Versions/A/OpenDirectory
0x0000000010140000 	/System/Library/PrivateFrameworks/CommonAuth.framework/Versions/A/CommonAuth
0x0000000010140000 	/System/Library/Frameworks/OpenDirectory.framework/Versions/A/Frameworks/CFOpenDirectory.framework/Versions/A/CFOpenDirectory
0x0000000010140000 	/System/Library/Frameworks/SecurityFoundation.framework/Versions/A/SecurityFoundation
0x0000000010140000 	/System/Library/PrivateFrameworks/APFS.framework/Versions/A/APFS
0x0000000010140000 	/usr/lib/libutil.dylib
0x0000000010140000 	/System/Library/PrivateFrameworks/AppleSauce.framework/Versions/A/AppleSauce
0x0000000010140000 	/System/Library/PrivateFrameworks/LinguisticData.framework/Versions/A/LinguisticData
0x0000000010140000 	/usr/lib/libmarisa.dylib
0x0000000010140000 	/System/Library/PrivateFrameworks/Lexicon.framework/Versions/A/Lexicon
0x0000000010140000 	/usr/lib/libChineseTokenizer.dylib
0x0000000010140000 	/usr/lib/libcmph.dylib
0x0000000010140000 	/System/Library/PrivateFrameworks/LanguageModeling.framework/Versions/A/LanguageModeling
0x0000000010140000 	/System/Library/PrivateFrameworks/CoreEmoji.framework/Versions/A/CoreEmoji
0x0000000010140000 	/System/Library/Frameworks/ServiceManagement.framework/Versions/A/ServiceManagement
0x0000000010140000 	/System/Library/PrivateFrameworks/BackgroundTaskManagement.framework/Versions/A/BackgroundTaskManagement
0x0000000010140000 	/usr/lib/libxslt.1.dylib
0x0000000010140000 	/System/Library/Frameworks/Carbon.framework/Versions/A/Frameworks/Ink.framework/Versions/A/Ink
0x0000000010140000 	/System/Library/PrivateFrameworks/TextureIO.framework/Versions/A/TextureIO
0x0000000010140000 	/usr/lib/libate.dylib
0x0000000010140000 	/System/Library/PrivateFrameworks/CrashReporterSupport.framework/Versions/A/CrashReporterSupport
0x0000000010140000 	/System/Library/PrivateFrameworks/Sharing.framework/Versions/A/Sharing
0x0000000010140000 	/System/Library/PrivateFrameworks/IconServices.framework/Versions/A/IconServices
0x0000000010140000 	/System/Library/PrivateFrameworks/ProtocolBuffer.framework/Versions/A/ProtocolBuffer
0x0000000010140000 	/System/Library/PrivateFrameworks/Apple80211.framework/Versions/A/Apple80211
0x0000000010140000 	/System/Library/Frameworks/CoreWLAN.framework/Versions/A/CoreWLAN
0x0000000010140000 	/System/Library/PrivateFrameworks/CoreUtils.framework/Versions/A/CoreUtils
0x0000000010140000 	/System/Library/Frameworks/IOBluetooth.framework/Versions/A/IOBluetooth
0x0000000010140000 	/System/Library/PrivateFrameworks/CoreWiFi.framework/Versions/A/CoreWiFi
0x0000000010140000 	/System/Library/Frameworks/CoreBluetooth.framework/Versions/A/CoreBluetooth
0x0000000010140000 	/System/Library/PrivateFrameworks/SignpostNotification.framework/Versions/A/SignpostNotification
0x0000000010140000 	/System/Library/PrivateFrameworks/DebugSymbols.framework/Versions/A/DebugSymbols
0x0000000010140000 	/System/Library/PrivateFrameworks/CoreSymbolication.framework/Versions/A/CoreSymbolication
0x0000000010140000 	/System/Library/PrivateFrameworks/Symbolication.framework/Versions/A/Symbolication
0x0000000010140000 	/System/Library/PrivateFrameworks/AppleFSCompression.framework/Versions/A/AppleFSCompression
0x0000000010140000 	/System/Library/PrivateFrameworks/SpeechRecognitionCore.framework/Versions/A/SpeechRecognitionCore
0x0000000100a00000 	/Library/Java/JavaVirtualMachines/jdk1.8.0_161.jdk/Contents/Home/jre/lib/server/libjvm.dylib
0x0000000010140000 	/usr/lib/libstdc++.6.0.9.dylib
0x000000010008c000 	/Library/Java/JavaVirtualMachines/jdk1.8.0_161.jdk/Contents/Home/jre/lib/libverify.dylib
0x000000010009a000 	/Library/Java/JavaVirtualMachines/jdk1.8.0_161.jdk/Contents/Home/jre/lib/libjava.dylib
0x000000010011a000 	/Library/Java/JavaVirtualMachines/jdk1.8.0_161.jdk/Contents/Home/jre/lib/libzip.dylib
0x000000010e84d000 	/Library/Java/JavaVirtualMachines/jdk1.8.0_161.jdk/Contents/Home/jre/lib/libawt.dylib
0x000000010e8f7000 	/Library/Java/JavaVirtualMachines/jdk1.8.0_161.jdk/Contents/Home/jre/lib/./libmlib_image.dylib
0x0000000010140000 	/System/Library/Frameworks/JavaVM.framework/Versions/A/Frameworks/JavaNativeFoundation.framework/Versions/A/JavaNativeFoundation
0x0000000010140000 	/System/Library/Frameworks/JavaVM.framework/Versions/A/Frameworks/JavaRuntimeSupport.framework/Versions/A/JavaRuntimeSupport
0x0000000010140000 	/System/Library/Frameworks/JavaVM.framework/Versions/A/JavaVM
0x0000000010140000 	/System/Library/PrivateFrameworks/JavaLaunching.framework/Versions/A/JavaLaunching
0x0000000010140000 	/System/Library/Frameworks/Carbon.framework/Versions/A/Carbon
0x0000000010140000 	/System/Library/Frameworks/Carbon.framework/Versions/A/Frameworks/CommonPanels.framework/Versions/A/CommonPanels
0x0000000010140000 	/System/Library/Frameworks/Carbon.framework/Versions/A/Frameworks/Help.framework/Versions/A/Help
0x0000000010140000 	/System/Library/Frameworks/Carbon.framework/Versions/A/Frameworks/ImageCapture.framework/Versions/A/ImageCapture
0x0000000010140000 	/System/Library/Frameworks/Carbon.framework/Versions/A/Frameworks/OpenScripting.framework/Versions/A/OpenScripting
0x0000000010140000 	/System/Library/Frameworks/Carbon.framework/Versions/A/Frameworks/Print.framework/Versions/A/Print
0x0000000010140000 	/System/Library/Frameworks/Carbon.framework/Versions/A/Frameworks/SecurityHI.framework/Versions/A/SecurityHI
0x000000010e9c3000 	/Library/Java/JavaVirtualMachines/jdk1.8.0_161.jdk/Contents/Home/jre/lib/libawt_lwawt.dylib
0x000000010ea7d000 	/Library/Java/JavaVirtualMachines/jdk1.8.0_161.jdk/Contents/Home/jre/lib/./libosxapp.dylib
0x0000000010140000 	/System/Library/Frameworks/ExceptionHandling.framework/Versions/A/ExceptionHandling
0x0000000010140000 	/System/Library/PrivateFrameworks/CoreServicesInternal.framework/Versions/A/CoreServicesInternal
0x0000000010140000 	/System/Library/CoreServices/RawCamera.bundle/Contents/MacOS/RawCamera
0x0000000010140000 	/System/Library/PrivateFrameworks/MobileAsset.framework/Versions/A/MobileAsset
0x0000000010140000 	/System/Library/PrivateFrameworks/StreamingZip.framework/Versions/A/StreamingZip
0x0000000010140000 	/System/Library/Frameworks/MediaToolbox.framework/Versions/A/MediaToolbox
0x0000000010140000 	/System/Library/PrivateFrameworks/CoreAVCHD.framework/Versions/A/CoreAVCHD
0x0000000010140000 	/System/Library/Frameworks/MediaAccessibility.framework/Versions/A/MediaAccessibility
0x0000000010140000 	/System/Library/PrivateFrameworks/Mangrove.framework/Versions/A/Mangrove
0x0000000010140000 	/System/Library/Frameworks/CoreMedia.framework/Versions/A/CoreMedia
0x0000000010140000 	/System/Library/Frameworks/VideoToolbox.framework/Versions/A/VideoToolbox
0x0000000010140000 	/System/Library/PrivateFrameworks/CoreAUC.framework/Versions/A/CoreAUC
0x0000000010140000 	/usr/lib/libspindump.dylib
0x0000000010140000 	/usr/lib/libdscsym.dylib
0x0000000010140000 	/System/Library/PrivateFrameworks/AppleVA.framework/Versions/A/AppleVA
0x0000000010140000 	/System/Library/Frameworks/Accelerate.framework/Versions/A/Frameworks/vImage.framework/Versions/A/Libraries/libCGInterfaces.dylib
0x0000000010140000 	/System/Library/Frameworks/ApplicationServices.framework/Versions/A/Frameworks/ATS.framework/Versions/A/Resources/libTrueTypeScaler.dylib
0x0000000010140000 	/System/Library/Frameworks/OpenGL.framework/Versions/A/Resources/GLEngine.bundle/GLEngine
0x0000000010140000 	/System/Library/Frameworks/OpenGL.framework/Versions/A/Libraries/libGLProgrammability.dylib
0x000000011fb6a000 	/System/Library/Extensions/AppleIntelKBLGraphicsGLDriver.bundle/Contents/MacOS/AppleIntelKBLGraphicsGLDriver
0x0000000010140000 	/System/Library/PrivateFrameworks/GPUSupport.framework/Versions/A/Libraries/libGPUSupportMercury.dylib
0x0000000010140000 	/System/Library/Frameworks/OpenGL.framework/Versions/A/Resources/GLRendererFloat.bundle/GLRendererFloat
0x0000000010140000 	/System/Library/Frameworks/OpenCL.framework/Versions/A/Libraries/libcldcpuengine.dylib
0x0000000010140000 	/usr/lib/libcrypto.35.dylib
0x0000000010140000 	/System/Library/PrivateFrameworks/TrustEvaluationAgent.framework/Versions/A/TrustEvaluationAgent
0x0000000010140000 	/System/Library/Extensions/AppleIntelKBLGraphicsMTLDriver.bundle/Contents/MacOS/AppleIntelKBLGraphicsMTLDriver
0x0000000010140000 	/System/Library/PrivateFrameworks/GPUCompiler.framework/Versions/3802/Libraries/libmetal_timestamp.dylib
0x0000000010140000 	/System/Library/PrivateFrameworks/FamilyControls.framework/Versions/A/FamilyControls
0x0000000010140000 	/System/Library/PrivateFrameworks/CommerceKit.framework/Versions/A/Frameworks/CommerceCore.framework/Versions/A/CommerceCore
0x0000000010140000 	/System/Library/PrivateFrameworks/SystemAdministration.framework/Versions/A/SystemAdministration
0x0000000010140000 	/System/Library/PrivateFrameworks/AppContainer.framework/Versions/A/AppContainer
0x0000000010140000 	/System/Library/PrivateFrameworks/SecCodeWrapper.framework/Versions/A/SecCodeWrapper
0x0000000010140000 	/System/Library/PrivateFrameworks/DiskManagement.framework/Versions/A/DiskManagement
0x0000000010140000 	/System/Library/Frameworks/DirectoryService.framework/Versions/A/DirectoryService
0x0000000010140000 	/System/Library/PrivateFrameworks/DiskImages.framework/Versions/A/DiskImages
0x0000000010140000 	/System/Library/PrivateFrameworks/LoginUIKit.framework/Versions/A/Frameworks/LoginUICore.framework/Versions/A/LoginUICore
0x0000000010140000 	/usr/lib/libCoreStorage.dylib
0x0000000010140000 	/usr/lib/libcsfde.dylib
0x0000000010140000 	/usr/lib/libodfde.dylib
0x0000000010140000 	/System/Library/PrivateFrameworks/MediaKit.framework/Versions/A/MediaKit
0x0000000010140000 	/System/Library/Frameworks/DiscRecording.framework/Versions/A/DiscRecording
0x0000000010140000 	/System/Library/PrivateFrameworks/EFILogin.framework/Versions/A/EFILogin
0x0000000010140000 	/System/Library/PrivateFrameworks/ProtectedCloudStorage.framework/Versions/A/ProtectedCloudStorage
0x0000000010140000 	/usr/lib/libcurl.4.dylib
0x0000000010140000 	/usr/lib/libssl.35.dylib
0x0000000010140000 	/System/Library/Frameworks/LDAP.framework/Versions/A/LDAP
0x0000000010140000 	/usr/lib/libsasl2.2.dylib
0x0000000010140000 	/System/Library/PrivateFrameworks/CoreDaemon.framework/Versions/B/CoreDaemon
0x0000000010140000 	/System/Library/PrivateFrameworks/AppleSRP.framework/Versions/A/AppleSRP
0x0000000122566000 	/Library/Java/JavaVirtualMachines/jdk1.8.0_161.jdk/Contents/Home/jre/lib/libfontmanager.dylib
0x00000001225cd000 	/Library/Java/JavaVirtualMachines/jdk1.8.0_161.jdk/Contents/Home/jre/lib/libosxui.dylib
0x0000000010140000 	/System/Library/PrivateFrameworks/ViewBridge.framework/Versions/A/ViewBridge
0x0000000123853000 	/Library/Java/JavaVirtualMachines/jdk1.8.0_161.jdk/Contents/Home/jre/lib/libnet.dylib
0x0000000123465000 	/Library/Java/JavaVirtualMachines/jdk1.8.0_161.jdk/Contents/Home/jre/lib/libnio.dylib
0x000000018da02000 	/Library/Java/JavaVirtualMachines/jdk1.8.0_161.jdk/Contents/Home/jre/lib/libdcpr.dylib
0x0000000010140000 	/System/Library/PrivateFrameworks/login.framework/Versions/A/login
0x000000011f58d000 	/Library/Java/JavaVirtualMachines/jdk1.8.0_161.jdk/Contents/Home/jre/lib/libmanagement.dylib

VM Arguments:
jvm_args: -Dfile.encoding=UTF-8 -Dfile.encoding=utf-8 
java_command: lunacorpustools.LunaCorpusTools
java_class_path (initial): /Users/joshgun.sirajzade/Documents/JavaBibliotheken/jdom-2.0.6/jdom-2.0.6.jar:/Users/joshgun.sirajzade/Documents/JavaBibliotheken/jdom-2.0.6/lib/jaxen-1.1.6.jar:/Users/joshgun.sirajzade/Documents/JavaBibliotheken/eXistDb/exist.jar:/Users/joshgun.sirajzade/Documents/JavaBibliotheken/eXistDb/lib/core/xmldb.jar:/Users/joshgun.sirajzade/Documents/JavaBibliotheken/eXistDb/lib/core/xmlrpc-common-3.1.3.jar:/Users/joshgun.sirajzade/Documents/JavaBibliotheken/eXistDb/lib/core/ws-commons-util-1.0.2.jar:/Users/joshgun.sirajzade/Documents/JavaBibliotheken/eXistDb/lib/core/xmlrpc-client-3.1.3.jar:/Users/joshgun.sirajzade/Documents/JavaBibliotheken/eXistDb/lib/core/log4j-api-2.9.0.jar:/Users/joshgun.sirajzade/Documents/JavaBibliotheken/eXistDb/lib/core/log4j-core-2.9.0.jar:/Users/joshgun.sirajzade/Documents/JavaBibliotheken/eXistDb/lib/core/log4j-jul-2.9.0.jar:/Users/joshgun.sirajzade/Documents/JavaBibliotheken/eXistDb/lib/core/log4j-slf4j-impl-2.9.0.jar:/Users/joshgun.sirajzade/Documents/JavaBibliotheken/eXistDb/lib/core/commons-io-2.5.jar:/Users/joshgun.sirajzade/Documents/JavaBibliotheken/ApachePoi/poi-3.17/poi-3.17.jar:/Users/joshgun.sirajzade/Documents/JavaBibliotheken/ApachePoi/poi-3.17/poi-ooxml-3.17.jar:/Users/joshgun.sirajzade/NetBeansProjects/LunaCorpusTools/build/classes
Launcher Type: SUN_STANDARD

Environment Variables:
PATH=/usr/bin:/bin:/usr/sbin:/sbin
LD_LIBRARY_PATH=/Library/Java/JavaVirtualMachines/jdk1.8.0_161.jdk/Contents/Home/jre/lib/amd64:/Library/Java/JavaVirtualMachines/jdk1.8.0_161.jdk/Contents/Home/jre/lib/i386:
SHELL=/bin/bash

Signal Handlers:
SIGSEGV: [libjvm.dylib+0x5b5439], sa_mask[0]=11111111011111110111111111111111, sa_flags=SA_ONSTACK|SA_RESTART|SA_SIGINFO
SIGBUS: [libjvm.dylib+0x5b5439], sa_mask[0]=11111111011111110111111111111111, sa_flags=SA_RESTART|SA_SIGINFO
SIGFPE: [libjvm.dylib+0x48ae24], sa_mask[0]=11111111011111110111111111111111, sa_flags=SA_RESTART|SA_SIGINFO
SIGPIPE: [libjvm.dylib+0x48ae24], sa_mask[0]=11111111011111110111111111111111, sa_flags=SA_RESTART|SA_SIGINFO
SIGXFSZ: [libjvm.dylib+0x48ae24], sa_mask[0]=11111111011111110111111111111111, sa_flags=SA_RESTART|SA_SIGINFO
SIGILL: [libjvm.dylib+0x48ae24], sa_mask[0]=11111111011111110111111111111111, sa_flags=SA_RESTART|SA_SIGINFO
SIGUSR1: SIG_DFL, sa_mask[0]=00000000000000000000000000000000, sa_flags=none
SIGUSR2: [libjvm.dylib+0x48a942], sa_mask[0]=00100000000000000000000000000000, sa_flags=SA_RESTART|SA_SIGINFO
SIGHUP: [libjvm.dylib+0x488f0d], sa_mask[0]=11111111011111110111111111111111, sa_flags=SA_RESTART|SA_SIGINFO
SIGINT: SIG_IGN, sa_mask[0]=00000000000000000000000000000000, sa_flags=none
SIGTERM: [libjvm.dylib+0x488f0d], sa_mask[0]=11111111011111110111111111111111, sa_flags=SA_RESTART|SA_SIGINFO
SIGQUIT: [libjvm.dylib+0x488f0d], sa_mask[0]=11111111011111110111111111111111, sa_flags=SA_RESTART|SA_SIGINFO


---------------  S Y S T E M  ---------------

OS:Bsduname:Darwin 17.4.0 Darwin Kernel Version 17.4.0: Sun Dec 17 09:19:54 PST 2017; root:xnu-4570.41.2~1/RELEASE_X86_64 x86_64
rlimit: STACK 8192k, CORE 0k, NPROC 1418, NOFILE 10240, AS infinity
load average:1.70 1.66 1.63

CPU:total 4 (initial active 4) (2 cores per cpu, 2 threads per core) family 6 model 142 stepping 9, cmov, cx8, fxsr, mmx, sse, sse2, sse3, ssse3, sse4.1, sse4.2, popcnt, avx, avx2, aes, clmul, erms, 3dnowpref, lzcnt, ht, tsc, tscinvbit, bmi1, bmi2, adx

Memory: 4k page, physical 16777216k(1531264k free)

/proc/meminfo:


vm_info: Java HotSpot(TM) 64-Bit Server VM (25.161-b12) for bsd-amd64 JRE (1.8.0_161-b12), built on Dec 19 2017 16:22:20 by "java_re" with gcc 4.2.1 (Based on Apple Inc. build 5658) (LLVM build 2336.11.00)

time: Thu Feb 22 11:43:13 2018
elapsed time: 7623 seconds (0d 2h 7m 3s)

